<?xml version="1.0" encoding="UTF-8"?>
<testsuite name="AppTest" tests="6" skipped="0" failures="0" errors="0" timestamp="2016-04-22T18:42:33" hostname="epicodus-62.local" time="0.379">
  <properties/>
  <testcase name="puzzleMaker" classname="AppTest" time="0.345"/>
  <testcase name="rootTest" classname="AppTest" time="0.009"/>
  <testcase name="puzzleMaker_forMultipleWordInputWithVowelsAndCapitalLetters_stringWithDashesInPlaceOfVowels" classname="AppTest" time="0.0"/>
  <testcase name="puzzleMaker_forASingleWordInputWithVowels_stringWithDashesInPlaceOfVowels" classname="AppTest" time="0.0"/>
  <testcase name="puzzleMaker_forAnyStringInputWithoutVowels_string" classname="AppTest" time="0.0"/>
  <testcase name="puzzleMaker_forMultipleWordInputWithVowels_stringWithDashesInPlaceOfVowels" classname="AppTest" time="0.001"/>
  <system-out><![CDATA[]]></system-out>
  <system-err><![CDATA[[Thread-4] INFO org.eclipse.jetty.util.log - Logging initialized @529ms
[Thread-4] INFO spark.webserver.JettySparkServer - == Spark has ignited ...
[Thread-4] INFO spark.webserver.JettySparkServer - >> Listening on 0.0.0.0:4567
[Thread-4] INFO org.eclipse.jetty.server.Server - jetty-9.3.2.v20150730
[Thread-4] INFO org.eclipse.jetty.server.ServerConnector - Started ServerConnector@384ebf1b{HTTP/1.1,[http/1.1]}{0.0.0.0:4567}
[Thread-4] INFO org.eclipse.jetty.server.Server - Started @605ms
[Test worker] INFO spark.webserver.JettySparkServer - >>> Spark shutting down ...
[Test worker] INFO org.eclipse.jetty.server.ServerConnector - Stopped ServerConnector@384ebf1b{HTTP/1.1,[http/1.1]}{0.0.0.0:4567}
[Test worker] INFO spark.webserver.JettySparkServer - done
]]></system-err>
</testsuite>
