<?xml version="1.0" encoding="UTF-8"?>
<testsuite name="AppTest" tests="1" skipped="0" failures="0" errors="0" timestamp="2016-04-22T15:25:01" hostname="epicodus-62.local" time="0.0">
  <properties/>
  <testcase name="puzzleMaker_forAnyStringInput_string" classname="AppTest" time="0.0"/>
  <system-out><![CDATA[]]></system-out>
  <system-err><![CDATA[]]></system-err>
</testsuite>
