<?xml version="1.0" encoding="UTF-8"?>
<testsuite name="AppTest" tests="3" skipped="0" failures="0" errors="0" timestamp="2016-04-22T16:24:40" hostname="epicodus-62.local" time="0.001">
  <properties/>
  <testcase name="puzzleMaker_forASingleWordInputWithVowels_stringWithDashesInPlaceOfVowels" classname="AppTest" time="0.0"/>
  <testcase name="puzzleMaker_forAnyStringInputWithoutVowels_string" classname="AppTest" time="0.0"/>
  <testcase name="puzzleMaker_forMultipleWordInputWithVowels_stringWithDashesInPlaceOfVowels" classname="AppTest" time="0.0"/>
  <system-out><![CDATA[]]></system-out>
  <system-err><![CDATA[]]></system-err>
</testsuite>
